2020-01-24 00:04:48.207 [JavaFX Application Thread] INFO  lab.app.Main.start(17) - Uruchamianie programu ...
2020-01-24 00:04:48.214 [JavaFX Application Thread] INFO  lab.app.Main.start(18) - Wersja aplikacji 1.0
2020-01-24 00:04:48.216 [JavaFX Application Thread] WARN  lab.app.Main.start(19) - Uaktualnij aplikację. Najnowsza dostępna wersja: 2.0
2020-01-24 00:04:48.487 [pool-3-thread-1] INFO  lab.engine.Kontroler.lambda$initialize$2(138) - Pobieranie historii rozgrywek z bazy danych ...
2020-01-24 00:04:50.802 [JavaFX Application Thread] INFO  lab.engine.Kontroler.lambda$initialize$5(182) - Gra rozpoczeta!
2020-01-24 00:04:51.271 [JavaFX Application Thread] INFO  lab.engine.OXGameImpl.getWinner(25) - Sprawdzam plansze w poszukiwaniu zwyciezcy!
2020-01-24 00:04:51.271 [JavaFX Application Thread] INFO  lab.engine.Kontroler.lambda$initialize$3(163) - Ruch wykonany!
2020-01-24 00:04:51.546 [JavaFX Application Thread] INFO  lab.engine.OXGameImpl.getWinner(25) - Sprawdzam plansze w poszukiwaniu zwyciezcy!
2020-01-24 00:04:51.546 [JavaFX Application Thread] INFO  lab.engine.Kontroler.lambda$initialize$3(163) - Ruch wykonany!
2020-01-24 00:04:51.968 [JavaFX Application Thread] INFO  lab.engine.OXGameImpl.getWinner(25) - Sprawdzam plansze w poszukiwaniu zwyciezcy!
2020-01-24 00:04:51.968 [JavaFX Application Thread] INFO  lab.engine.Kontroler.lambda$initialize$3(163) - Ruch wykonany!
2020-01-24 00:04:52.236 [JavaFX Application Thread] INFO  lab.engine.OXGameImpl.getWinner(25) - Sprawdzam plansze w poszukiwaniu zwyciezcy!
2020-01-24 00:04:52.236 [JavaFX Application Thread] INFO  lab.engine.Kontroler.lambda$initialize$3(163) - Ruch wykonany!
2020-01-24 00:04:52.518 [JavaFX Application Thread] INFO  lab.engine.OXGameImpl.getWinner(25) - Sprawdzam plansze w poszukiwaniu zwyciezcy!
2020-01-24 00:04:52.518 [JavaFX Application Thread] INFO  lab.engine.Kontroler.lambda$initialize$3(163) - Ruch wykonany!
2020-01-24 00:04:52.918 [JavaFX Application Thread] INFO  lab.engine.OXGameImpl.getWinner(25) - Sprawdzam plansze w poszukiwaniu zwyciezcy!
2020-01-24 00:04:52.918 [JavaFX Application Thread] INFO  lab.engine.Kontroler.lambda$initialize$3(163) - Ruch wykonany!
2020-01-24 00:04:54.789 [JavaFX Application Thread] INFO  lab.engine.OXGameImpl.getWinner(25) - Sprawdzam plansze w poszukiwaniu zwyciezcy!
2020-01-24 00:04:54.789 [JavaFX Application Thread] INFO  lab.engine.Kontroler.finishGame(124) - Gra zakonczona!
2020-01-24 00:04:54.789 [JavaFX Application Thread] INFO  lab.engine.Kontroler.checkIfGameIsFinished(106) - Gra rozegrana. Zwycięzca: Gracz O
2020-01-24 00:04:54.790 [pool-3-thread-1] INFO  lab.engine.Kontroler.lambda$checkIfGameIsFinished$0(108) - Zapisywanie danych...
2020-01-24 00:04:54.790 [JavaFX Application Thread] INFO  lab.engine.Kontroler.lambda$initialize$3(163) - Ruch wykonany!
2020-01-24 00:04:55.799 [JavaFX Application Thread] INFO  lab.engine.Kontroler.lambda$initialize$5(182) - Gra rozpoczeta!
2020-01-24 00:04:57.008 [JavaFX Application Thread] INFO  lab.engine.OXGameImpl.getWinner(25) - Sprawdzam plansze w poszukiwaniu zwyciezcy!
2020-01-24 00:04:57.008 [JavaFX Application Thread] INFO  lab.engine.Kontroler.lambda$initialize$3(163) - Ruch wykonany!
2020-01-24 00:04:57.281 [JavaFX Application Thread] INFO  lab.engine.OXGameImpl.getWinner(25) - Sprawdzam plansze w poszukiwaniu zwyciezcy!
2020-01-24 00:04:57.282 [JavaFX Application Thread] INFO  lab.engine.Kontroler.lambda$initialize$3(163) - Ruch wykonany!
2020-01-24 00:04:57.491 [JavaFX Application Thread] INFO  lab.engine.OXGameImpl.getWinner(25) - Sprawdzam plansze w poszukiwaniu zwyciezcy!
2020-01-24 00:04:57.492 [JavaFX Application Thread] INFO  lab.engine.Kontroler.lambda$initialize$3(163) - Ruch wykonany!
2020-01-24 00:04:57.735 [JavaFX Application Thread] INFO  lab.engine.OXGameImpl.getWinner(25) - Sprawdzam plansze w poszukiwaniu zwyciezcy!
2020-01-24 00:04:57.736 [JavaFX Application Thread] INFO  lab.engine.Kontroler.lambda$initialize$3(163) - Ruch wykonany!
2020-01-24 00:04:58.050 [JavaFX Application Thread] INFO  lab.engine.OXGameImpl.getWinner(25) - Sprawdzam plansze w poszukiwaniu zwyciezcy!
2020-01-24 00:04:58.050 [JavaFX Application Thread] INFO  lab.engine.Kontroler.finishGame(124) - Gra zakonczona!
2020-01-24 00:04:58.050 [JavaFX Application Thread] INFO  lab.engine.Kontroler.checkIfGameIsFinished(106) - Gra rozegrana. Zwycięzca: Gracz X
2020-01-24 00:04:58.050 [JavaFX Application Thread] INFO  lab.engine.Kontroler.lambda$initialize$3(163) - Ruch wykonany!
2020-01-24 00:04:58.050 [pool-3-thread-1] INFO  lab.engine.Kontroler.lambda$checkIfGameIsFinished$0(108) - Zapisywanie danych...
2020-01-24 00:04:59.570 [JavaFX Application Thread] INFO  lab.engine.Kontroler.lambda$initialize$5(182) - Gra rozpoczeta!
2020-01-24 00:05:00.219 [JavaFX Application Thread] INFO  lab.engine.OXGameImpl.getWinner(25) - Sprawdzam plansze w poszukiwaniu zwyciezcy!
2020-01-24 00:05:00.220 [JavaFX Application Thread] INFO  lab.engine.Kontroler.lambda$initialize$3(163) - Ruch wykonany!
2020-01-24 00:05:00.447 [JavaFX Application Thread] INFO  lab.engine.OXGameImpl.getWinner(25) - Sprawdzam plansze w poszukiwaniu zwyciezcy!
2020-01-24 00:05:00.447 [JavaFX Application Thread] INFO  lab.engine.Kontroler.lambda$initialize$3(163) - Ruch wykonany!
2020-01-24 00:05:00.641 [JavaFX Application Thread] INFO  lab.engine.OXGameImpl.getWinner(25) - Sprawdzam plansze w poszukiwaniu zwyciezcy!
2020-01-24 00:05:00.642 [JavaFX Application Thread] INFO  lab.engine.Kontroler.lambda$initialize$3(163) - Ruch wykonany!
2020-01-24 00:05:00.878 [JavaFX Application Thread] INFO  lab.engine.OXGameImpl.getWinner(25) - Sprawdzam plansze w poszukiwaniu zwyciezcy!
2020-01-24 00:05:00.878 [JavaFX Application Thread] INFO  lab.engine.Kontroler.lambda$initialize$3(163) - Ruch wykonany!
2020-01-24 00:05:01.119 [JavaFX Application Thread] INFO  lab.engine.OXGameImpl.getWinner(25) - Sprawdzam plansze w poszukiwaniu zwyciezcy!
2020-01-24 00:05:01.119 [JavaFX Application Thread] INFO  lab.engine.Kontroler.finishGame(124) - Gra zakonczona!
2020-01-24 00:05:01.120 [JavaFX Application Thread] INFO  lab.engine.Kontroler.checkIfGameIsFinished(106) - Gra rozegrana. Zwycięzca: Gracz O
2020-01-24 00:05:01.120 [pool-3-thread-1] INFO  lab.engine.Kontroler.lambda$checkIfGameIsFinished$0(108) - Zapisywanie danych...
2020-01-24 00:05:01.120 [JavaFX Application Thread] INFO  lab.engine.Kontroler.lambda$initialize$3(163) - Ruch wykonany!
2020-01-24 00:05:08.942 [JavaFX Application Thread] INFO  lab.app.Main.start(17) - Uruchamianie programu ...
2020-01-24 00:05:08.944 [JavaFX Application Thread] INFO  lab.app.Main.start(18) - Wersja aplikacji 1.0
2020-01-24 00:05:08.945 [JavaFX Application Thread] WARN  lab.app.Main.start(19) - Uaktualnij aplikację. Najnowsza dostępna wersja: 2.0
2020-01-24 00:05:09.159 [pool-2-thread-1] INFO  lab.engine.Kontroler.lambda$initialize$2(138) - Pobieranie historii rozgrywek z bazy danych ...
2020-01-24 00:05:40.258 [JavaFX Application Thread] INFO  lab.app.Main.start(17) - Uruchamianie programu ...
2020-01-24 00:05:40.260 [JavaFX Application Thread] INFO  lab.app.Main.start(18) - Wersja aplikacji 1.0
2020-01-24 00:05:40.261 [JavaFX Application Thread] WARN  lab.app.Main.start(19) - Uaktualnij aplikację. Najnowsza dostępna wersja: 2.0
2020-01-24 00:05:40.464 [pool-2-thread-1] INFO  lab.engine.Kontroler.lambda$initialize$4(148) - Pobieranie historii rozgrywek z bazy danych ...
2020-01-24 00:05:41.944 [JavaFX Application Thread] INFO  lab.engine.Kontroler.lambda$initialize$7(192) - Gra rozpoczeta!
2020-01-24 00:05:42.374 [JavaFX Application Thread] INFO  lab.engine.OXGameImpl.getWinner(25) - Sprawdzam plansze w poszukiwaniu zwyciezcy!
2020-01-24 00:05:42.375 [JavaFX Application Thread] INFO  lab.engine.Kontroler.lambda$initialize$5(173) - Ruch wykonany!
2020-01-24 00:05:42.641 [JavaFX Application Thread] INFO  lab.engine.OXGameImpl.getWinner(25) - Sprawdzam plansze w poszukiwaniu zwyciezcy!
2020-01-24 00:05:42.641 [JavaFX Application Thread] INFO  lab.engine.Kontroler.lambda$initialize$5(173) - Ruch wykonany!
2020-01-24 00:05:42.867 [JavaFX Application Thread] INFO  lab.engine.OXGameImpl.getWinner(25) - Sprawdzam plansze w poszukiwaniu zwyciezcy!
2020-01-24 00:05:42.868 [JavaFX Application Thread] INFO  lab.engine.Kontroler.lambda$initialize$5(173) - Ruch wykonany!
2020-01-24 00:05:43.166 [JavaFX Application Thread] INFO  lab.engine.OXGameImpl.getWinner(25) - Sprawdzam plansze w poszukiwaniu zwyciezcy!
2020-01-24 00:05:43.166 [JavaFX Application Thread] INFO  lab.engine.Kontroler.lambda$initialize$5(173) - Ruch wykonany!
2020-01-24 00:05:43.418 [JavaFX Application Thread] INFO  lab.engine.OXGameImpl.getWinner(25) - Sprawdzam plansze w poszukiwaniu zwyciezcy!
2020-01-24 00:05:43.418 [JavaFX Application Thread] INFO  lab.engine.Kontroler.finishGame(134) - Gra zakonczona!
2020-01-24 00:05:43.418 [JavaFX Application Thread] INFO  lab.engine.Kontroler.checkIfGameIsFinished(106) - Gra rozegrana. Zwycięzca: Gracz O
2020-01-24 00:05:43.419 [pool-2-thread-1] INFO  lab.engine.Kontroler.lambda$checkIfGameIsFinished$2(108) - Zapisywanie danych...
2020-01-24 00:05:43.419 [JavaFX Application Thread] INFO  lab.engine.Kontroler.lambda$initialize$5(173) - Ruch wykonany!
2020-01-24 00:05:43.437 [pool-2-thread-1] INFO  lab.engine.Kontroler.lambda$null$1(112) - Pobieranie historii rozgrywek z bazy danych ...
2020-01-24 00:05:44.850 [JavaFX Application Thread] INFO  lab.engine.Kontroler.lambda$initialize$7(192) - Gra rozpoczeta!
2020-01-24 00:05:45.376 [JavaFX Application Thread] INFO  lab.engine.OXGameImpl.getWinner(25) - Sprawdzam plansze w poszukiwaniu zwyciezcy!
2020-01-24 00:05:45.376 [JavaFX Application Thread] INFO  lab.engine.Kontroler.lambda$initialize$5(173) - Ruch wykonany!
2020-01-24 00:05:45.649 [JavaFX Application Thread] INFO  lab.engine.OXGameImpl.getWinner(25) - Sprawdzam plansze w poszukiwaniu zwyciezcy!
2020-01-24 00:05:45.650 [JavaFX Application Thread] INFO  lab.engine.Kontroler.lambda$initialize$5(173) - Ruch wykonany!
2020-01-24 00:05:45.806 [JavaFX Application Thread] INFO  lab.engine.OXGameImpl.getWinner(25) - Sprawdzam plansze w poszukiwaniu zwyciezcy!
2020-01-24 00:05:45.806 [JavaFX Application Thread] INFO  lab.engine.Kontroler.lambda$initialize$5(173) - Ruch wykonany!
2020-01-24 00:05:46.025 [JavaFX Application Thread] INFO  lab.engine.OXGameImpl.getWinner(25) - Sprawdzam plansze w poszukiwaniu zwyciezcy!
2020-01-24 00:05:46.025 [JavaFX Application Thread] INFO  lab.engine.Kontroler.lambda$initialize$5(173) - Ruch wykonany!
2020-01-24 00:05:46.214 [JavaFX Application Thread] INFO  lab.engine.OXGameImpl.getWinner(25) - Sprawdzam plansze w poszukiwaniu zwyciezcy!
2020-01-24 00:05:46.214 [JavaFX Application Thread] INFO  lab.engine.Kontroler.finishGame(134) - Gra zakonczona!
2020-01-24 00:05:46.214 [JavaFX Application Thread] INFO  lab.engine.Kontroler.checkIfGameIsFinished(106) - Gra rozegrana. Zwycięzca: Gracz X
2020-01-24 00:05:46.215 [JavaFX Application Thread] INFO  lab.engine.Kontroler.lambda$initialize$5(173) - Ruch wykonany!
2020-01-24 00:05:46.215 [pool-2-thread-1] INFO  lab.engine.Kontroler.lambda$checkIfGameIsFinished$2(108) - Zapisywanie danych...
2020-01-24 00:05:46.215 [pool-2-thread-1] INFO  lab.engine.Kontroler.lambda$null$1(112) - Pobieranie historii rozgrywek z bazy danych ...
2020-01-24 00:05:46.818 [JavaFX Application Thread] INFO  lab.engine.Kontroler.lambda$initialize$7(192) - Gra rozpoczeta!
2020-01-24 00:05:47.216 [JavaFX Application Thread] INFO  lab.engine.OXGameImpl.getWinner(25) - Sprawdzam plansze w poszukiwaniu zwyciezcy!
2020-01-24 00:05:47.216 [JavaFX Application Thread] INFO  lab.engine.Kontroler.lambda$initialize$5(173) - Ruch wykonany!
2020-01-24 00:05:47.488 [JavaFX Application Thread] INFO  lab.engine.OXGameImpl.getWinner(25) - Sprawdzam plansze w poszukiwaniu zwyciezcy!
2020-01-24 00:05:47.489 [JavaFX Application Thread] INFO  lab.engine.Kontroler.lambda$initialize$5(173) - Ruch wykonany!
2020-01-24 00:05:47.709 [JavaFX Application Thread] INFO  lab.engine.OXGameImpl.getWinner(25) - Sprawdzam plansze w poszukiwaniu zwyciezcy!
2020-01-24 00:05:47.709 [JavaFX Application Thread] INFO  lab.engine.Kontroler.lambda$initialize$5(173) - Ruch wykonany!
2020-01-24 00:05:47.921 [JavaFX Application Thread] INFO  lab.engine.OXGameImpl.getWinner(25) - Sprawdzam plansze w poszukiwaniu zwyciezcy!
2020-01-24 00:05:47.921 [JavaFX Application Thread] INFO  lab.engine.Kontroler.lambda$initialize$5(173) - Ruch wykonany!
2020-01-24 00:05:48.236 [JavaFX Application Thread] INFO  lab.engine.OXGameImpl.getWinner(25) - Sprawdzam plansze w poszukiwaniu zwyciezcy!
2020-01-24 00:05:48.236 [JavaFX Application Thread] INFO  lab.engine.Kontroler.lambda$initialize$5(173) - Ruch wykonany!
2020-01-24 00:05:48.400 [JavaFX Application Thread] INFO  lab.engine.OXGameImpl.getWinner(25) - Sprawdzam plansze w poszukiwaniu zwyciezcy!
2020-01-24 00:05:48.400 [JavaFX Application Thread] INFO  lab.engine.Kontroler.lambda$initialize$5(173) - Ruch wykonany!
2020-01-24 00:05:48.580 [JavaFX Application Thread] INFO  lab.engine.OXGameImpl.getWinner(25) - Sprawdzam plansze w poszukiwaniu zwyciezcy!
2020-01-24 00:05:48.580 [JavaFX Application Thread] INFO  lab.engine.Kontroler.lambda$initialize$5(173) - Ruch wykonany!
2020-01-24 00:05:48.751 [JavaFX Application Thread] INFO  lab.engine.OXGameImpl.getWinner(25) - Sprawdzam plansze w poszukiwaniu zwyciezcy!
2020-01-24 00:05:48.751 [JavaFX Application Thread] INFO  lab.engine.Kontroler.lambda$initialize$5(173) - Ruch wykonany!
2020-01-24 00:05:49.049 [JavaFX Application Thread] INFO  lab.engine.OXGameImpl.getWinner(25) - Sprawdzam plansze w poszukiwaniu zwyciezcy!
2020-01-24 00:05:49.049 [JavaFX Application Thread] INFO  lab.engine.Kontroler.lambda$initialize$5(173) - Ruch wykonany!
2020-01-24 00:05:49.528 [JavaFX Application Thread] INFO  lab.engine.Kontroler.finishGame(134) - Gra zakonczona!
2020-01-24 00:05:49.990 [JavaFX Application Thread] INFO  lab.engine.Kontroler.lambda$initialize$7(192) - Gra rozpoczeta!
2020-01-24 00:05:51.031 [JavaFX Application Thread] INFO  lab.engine.Kontroler.finishGame(134) - Gra zakonczona!
2020-01-24 00:05:51.611 [JavaFX Application Thread] INFO  lab.engine.Kontroler.lambda$initialize$7(192) - Gra rozpoczeta!
2020-01-24 00:06:21.820 [JavaFX Application Thread] INFO  lab.app.Main.start(17) - Uruchamianie programu ...
2020-01-24 00:06:21.822 [JavaFX Application Thread] INFO  lab.app.Main.start(18) - Wersja aplikacji 1.0
2020-01-24 00:06:21.823 [JavaFX Application Thread] WARN  lab.app.Main.start(19) - Uaktualnij aplikację. Najnowsza dostępna wersja: 2.0
2020-01-24 00:06:22.036 [pool-2-thread-1] INFO  lab.engine.Kontroler.lambda$initialize$2(138) - Pobieranie historii rozgrywek z bazy danych ...
2020-01-24 00:06:23.904 [JavaFX Application Thread] INFO  lab.engine.Kontroler.lambda$initialize$5(182) - Gra rozpoczeta!
2020-01-24 00:06:24.444 [JavaFX Application Thread] INFO  lab.engine.OXGameImpl.getWinner(25) - Sprawdzam plansze w poszukiwaniu zwyciezcy!
2020-01-24 00:06:24.445 [JavaFX Application Thread] INFO  lab.engine.Kontroler.lambda$initialize$3(163) - Ruch wykonany!
2020-01-24 00:06:24.703 [JavaFX Application Thread] INFO  lab.engine.OXGameImpl.getWinner(25) - Sprawdzam plansze w poszukiwaniu zwyciezcy!
2020-01-24 00:06:24.703 [JavaFX Application Thread] INFO  lab.engine.Kontroler.lambda$initialize$3(163) - Ruch wykonany!
2020-01-24 00:06:24.908 [JavaFX Application Thread] INFO  lab.engine.OXGameImpl.getWinner(25) - Sprawdzam plansze w poszukiwaniu zwyciezcy!
2020-01-24 00:06:24.908 [JavaFX Application Thread] INFO  lab.engine.Kontroler.lambda$initialize$3(163) - Ruch wykonany!
2020-01-24 00:06:25.157 [JavaFX Application Thread] INFO  lab.engine.OXGameImpl.getWinner(25) - Sprawdzam plansze w poszukiwaniu zwyciezcy!
2020-01-24 00:06:25.157 [JavaFX Application Thread] INFO  lab.engine.Kontroler.lambda$initialize$3(163) - Ruch wykonany!
2020-01-24 00:06:25.423 [JavaFX Application Thread] INFO  lab.engine.OXGameImpl.getWinner(25) - Sprawdzam plansze w poszukiwaniu zwyciezcy!
2020-01-24 00:06:25.424 [JavaFX Application Thread] INFO  lab.engine.Kontroler.finishGame(124) - Gra zakonczona!
2020-01-24 00:06:25.424 [JavaFX Application Thread] INFO  lab.engine.Kontroler.checkIfGameIsFinished(106) - Gra rozegrana. Zwycięzca: Gracz O
2020-01-24 00:06:25.424 [JavaFX Application Thread] INFO  lab.engine.Kontroler.lambda$initialize$3(163) - Ruch wykonany!
2020-01-24 00:06:25.424 [pool-2-thread-1] INFO  lab.engine.Kontroler.lambda$checkIfGameIsFinished$0(108) - Zapisywanie danych...
2020-01-24 00:06:26.176 [JavaFX Application Thread] INFO  lab.engine.Kontroler.lambda$initialize$5(182) - Gra rozpoczeta!
2020-01-24 00:06:26.623 [JavaFX Application Thread] INFO  lab.engine.OXGameImpl.getWinner(25) - Sprawdzam plansze w poszukiwaniu zwyciezcy!
2020-01-24 00:06:26.624 [JavaFX Application Thread] INFO  lab.engine.Kontroler.lambda$initialize$3(163) - Ruch wykonany!
2020-01-24 00:06:26.874 [JavaFX Application Thread] INFO  lab.engine.OXGameImpl.getWinner(25) - Sprawdzam plansze w poszukiwaniu zwyciezcy!
2020-01-24 00:06:26.874 [JavaFX Application Thread] INFO  lab.engine.Kontroler.lambda$initialize$3(163) - Ruch wykonany!
2020-01-24 00:06:27.046 [JavaFX Application Thread] INFO  lab.engine.OXGameImpl.getWinner(25) - Sprawdzam plansze w poszukiwaniu zwyciezcy!
2020-01-24 00:06:27.046 [JavaFX Application Thread] INFO  lab.engine.Kontroler.lambda$initialize$3(163) - Ruch wykonany!
2020-01-24 00:06:27.258 [JavaFX Application Thread] INFO  lab.engine.OXGameImpl.getWinner(25) - Sprawdzam plansze w poszukiwaniu zwyciezcy!
2020-01-24 00:06:27.258 [JavaFX Application Thread] INFO  lab.engine.Kontroler.lambda$initialize$3(163) - Ruch wykonany!
2020-01-24 00:06:27.602 [JavaFX Application Thread] INFO  lab.engine.Kontroler.finishGame(124) - Gra zakonczona!
2020-01-24 00:06:27.603 [pool-2-thread-1] INFO  lab.engine.Kontroler.lambda$null$7(188) - Pobieranie historii rozgrywek z bazy danych ...
2020-01-24 00:06:31.841 [JavaFX Application Thread] INFO  lab.engine.Kontroler.lambda$initialize$5(182) - Gra rozpoczeta!
2020-01-24 00:06:32.374 [JavaFX Application Thread] INFO  lab.engine.Kontroler.finishGame(124) - Gra zakonczona!
2020-01-24 00:06:32.375 [pool-2-thread-1] INFO  lab.engine.Kontroler.lambda$null$7(188) - Pobieranie historii rozgrywek z bazy danych ...
2020-01-24 00:06:32.774 [JavaFX Application Thread] INFO  lab.engine.Kontroler.lambda$initialize$5(182) - Gra rozpoczeta!
2020-01-24 00:08:17.446 [JavaFX Application Thread] INFO  lab.app.Main.start(17) - Uruchamianie programu ...
2020-01-24 00:08:17.448 [JavaFX Application Thread] INFO  lab.app.Main.start(18) - Wersja aplikacji 1.0
2020-01-24 00:08:17.451 [JavaFX Application Thread] WARN  lab.app.Main.start(19) - Uaktualnij aplikację. Najnowsza dostępna wersja: 2.0
2020-01-24 00:08:17.719 [pool-2-thread-1] INFO  lab.engine.Kontroler.lambda$initialize$4(147) - Pobieranie historii rozgrywek z bazy danych ...
2020-01-24 00:08:19.041 [JavaFX Application Thread] INFO  lab.engine.Kontroler.lambda$initialize$7(191) - Gra rozpoczeta!
2020-01-24 00:08:19.471 [JavaFX Application Thread] INFO  lab.engine.OXGameImpl.getWinner(25) - Sprawdzam plansze w poszukiwaniu zwyciezcy!
2020-01-24 00:08:19.472 [JavaFX Application Thread] INFO  lab.engine.Kontroler.lambda$initialize$5(172) - Ruch wykonany!
2020-01-24 00:08:19.745 [JavaFX Application Thread] INFO  lab.engine.OXGameImpl.getWinner(25) - Sprawdzam plansze w poszukiwaniu zwyciezcy!
2020-01-24 00:08:19.745 [JavaFX Application Thread] INFO  lab.engine.Kontroler.lambda$initialize$5(172) - Ruch wykonany!
2020-01-24 00:08:19.974 [JavaFX Application Thread] INFO  lab.engine.OXGameImpl.getWinner(25) - Sprawdzam plansze w poszukiwaniu zwyciezcy!
2020-01-24 00:08:19.974 [JavaFX Application Thread] INFO  lab.engine.Kontroler.lambda$initialize$5(172) - Ruch wykonany!
2020-01-24 00:08:20.256 [JavaFX Application Thread] INFO  lab.engine.OXGameImpl.getWinner(25) - Sprawdzam plansze w poszukiwaniu zwyciezcy!
2020-01-24 00:08:20.257 [JavaFX Application Thread] INFO  lab.engine.Kontroler.lambda$initialize$5(172) - Ruch wykonany!
2020-01-24 00:08:20.522 [JavaFX Application Thread] INFO  lab.engine.OXGameImpl.getWinner(25) - Sprawdzam plansze w poszukiwaniu zwyciezcy!
2020-01-24 00:08:20.522 [JavaFX Application Thread] INFO  lab.engine.Kontroler.finishGame(133) - Gra zakonczona!
2020-01-24 00:08:20.522 [JavaFX Application Thread] INFO  lab.engine.Kontroler.checkIfGameIsFinished(106) - Gra rozegrana. Zwycięzca: Gracz O
2020-01-24 00:08:20.523 [JavaFX Application Thread] INFO  lab.engine.Kontroler.lambda$initialize$5(172) - Ruch wykonany!
2020-01-24 00:08:21.258 [JavaFX Application Thread] INFO  lab.engine.Kontroler.lambda$initialize$7(191) - Gra rozpoczeta!
2020-01-24 00:08:21.792 [JavaFX Application Thread] INFO  lab.engine.OXGameImpl.getWinner(25) - Sprawdzam plansze w poszukiwaniu zwyciezcy!
2020-01-24 00:08:21.792 [JavaFX Application Thread] INFO  lab.engine.Kontroler.lambda$initialize$5(172) - Ruch wykonany!
2020-01-24 00:08:22.017 [JavaFX Application Thread] INFO  lab.engine.OXGameImpl.getWinner(25) - Sprawdzam plansze w poszukiwaniu zwyciezcy!
2020-01-24 00:08:22.018 [JavaFX Application Thread] INFO  lab.engine.Kontroler.lambda$initialize$5(172) - Ruch wykonany!
2020-01-24 00:08:22.205 [JavaFX Application Thread] INFO  lab.engine.OXGameImpl.getWinner(25) - Sprawdzam plansze w poszukiwaniu zwyciezcy!
2020-01-24 00:08:22.205 [JavaFX Application Thread] INFO  lab.engine.Kontroler.lambda$initialize$5(172) - Ruch wykonany!
2020-01-24 00:08:22.418 [JavaFX Application Thread] INFO  lab.engine.OXGameImpl.getWinner(25) - Sprawdzam plansze w poszukiwaniu zwyciezcy!
2020-01-24 00:08:22.418 [JavaFX Application Thread] INFO  lab.engine.Kontroler.lambda$initialize$5(172) - Ruch wykonany!
2020-01-24 00:08:22.613 [JavaFX Application Thread] INFO  lab.engine.OXGameImpl.getWinner(25) - Sprawdzam plansze w poszukiwaniu zwyciezcy!
2020-01-24 00:08:22.613 [JavaFX Application Thread] INFO  lab.engine.Kontroler.finishGame(133) - Gra zakonczona!
2020-01-24 00:08:22.613 [JavaFX Application Thread] INFO  lab.engine.Kontroler.checkIfGameIsFinished(106) - Gra rozegrana. Zwycięzca: Gracz X
2020-01-24 00:08:22.613 [JavaFX Application Thread] INFO  lab.engine.Kontroler.lambda$initialize$5(172) - Ruch wykonany!
2020-01-24 00:08:23.298 [pool-2-thread-1] INFO  lab.engine.Kontroler.lambda$checkIfGameIsFinished$0(108) - Zapisywanie danych...
2020-01-24 00:08:23.320 [pool-2-thread-1] INFO  lab.engine.Kontroler.lambda$checkIfGameIsFinished$2(112) - Pobieranie danych...
2020-01-24 00:08:23.322 [pool-2-thread-1] INFO  lab.engine.Kontroler.lambda$checkIfGameIsFinished$0(108) - Zapisywanie danych...
2020-01-24 00:08:23.323 [pool-2-thread-1] INFO  lab.engine.Kontroler.lambda$checkIfGameIsFinished$2(112) - Pobieranie danych...
2020-01-24 00:08:23.499 [JavaFX Application Thread] INFO  lab.engine.Kontroler.lambda$initialize$7(191) - Gra rozpoczeta!
2020-01-24 00:08:23.983 [JavaFX Application Thread] INFO  lab.engine.OXGameImpl.getWinner(25) - Sprawdzam plansze w poszukiwaniu zwyciezcy!
2020-01-24 00:08:23.983 [JavaFX Application Thread] INFO  lab.engine.Kontroler.lambda$initialize$5(172) - Ruch wykonany!
2020-01-24 00:08:24.220 [JavaFX Application Thread] INFO  lab.engine.OXGameImpl.getWinner(25) - Sprawdzam plansze w poszukiwaniu zwyciezcy!
2020-01-24 00:08:24.220 [JavaFX Application Thread] INFO  lab.engine.Kontroler.lambda$initialize$5(172) - Ruch wykonany!
2020-01-24 00:08:24.367 [JavaFX Application Thread] INFO  lab.engine.OXGameImpl.getWinner(25) - Sprawdzam plansze w poszukiwaniu zwyciezcy!
2020-01-24 00:08:24.367 [JavaFX Application Thread] INFO  lab.engine.Kontroler.lambda$initialize$5(172) - Ruch wykonany!
2020-01-24 00:08:24.735 [JavaFX Application Thread] INFO  lab.engine.OXGameImpl.getWinner(25) - Sprawdzam plansze w poszukiwaniu zwyciezcy!
2020-01-24 00:08:24.736 [JavaFX Application Thread] INFO  lab.engine.Kontroler.lambda$initialize$5(172) - Ruch wykonany!
2020-01-24 00:08:25.339 [JavaFX Application Thread] INFO  lab.engine.Kontroler.finishGame(133) - Gra zakonczona!
2020-01-24 00:08:25.613 [JavaFX Application Thread] INFO  lab.engine.Kontroler.lambda$initialize$7(191) - Gra rozpoczeta!
2020-01-24 00:08:26.038 [JavaFX Application Thread] INFO  lab.engine.OXGameImpl.getWinner(25) - Sprawdzam plansze w poszukiwaniu zwyciezcy!
2020-01-24 00:08:26.038 [JavaFX Application Thread] INFO  lab.engine.Kontroler.lambda$initialize$5(172) - Ruch wykonany!
2020-01-24 00:08:26.546 [JavaFX Application Thread] INFO  lab.engine.OXGameImpl.getWinner(25) - Sprawdzam plansze w poszukiwaniu zwyciezcy!
2020-01-24 00:08:26.546 [JavaFX Application Thread] INFO  lab.engine.Kontroler.lambda$initialize$5(172) - Ruch wykonany!
2020-01-24 00:08:27.297 [JavaFX Application Thread] INFO  lab.engine.OXGameImpl.getWinner(25) - Sprawdzam plansze w poszukiwaniu zwyciezcy!
2020-01-24 00:08:27.298 [JavaFX Application Thread] INFO  lab.engine.Kontroler.lambda$initialize$5(172) - Ruch wykonany!
2020-01-24 00:08:27.823 [JavaFX Application Thread] INFO  lab.engine.Kontroler.finishGame(133) - Gra zakonczona!
2020-01-24 00:08:28.592 [JavaFX Application Thread] INFO  lab.engine.Kontroler.lambda$initialize$7(191) - Gra rozpoczeta!
2020-01-24 00:10:31.061 [JavaFX Application Thread] INFO  lab.app.Main.start(17) - Uruchamianie programu ...
2020-01-24 00:10:31.065 [JavaFX Application Thread] INFO  lab.app.Main.start(18) - Wersja aplikacji 1.0
2020-01-24 00:10:31.067 [JavaFX Application Thread] WARN  lab.app.Main.start(19) - Uaktualnij aplikację. Najnowsza dostępna wersja: 2.0
2020-01-24 00:10:31.333 [pool-2-thread-1] INFO  lab.engine.Kontroler.lambda$initialize$4(147) - Pobieranie historii rozgrywek z bazy danych ...
2020-01-24 00:10:32.983 [JavaFX Application Thread] INFO  lab.engine.Kontroler.lambda$initialize$7(191) - Gra rozpoczeta!
2020-01-24 00:10:33.575 [JavaFX Application Thread] INFO  lab.engine.OXGameImpl.getWinner(25) - Sprawdzam plansze w poszukiwaniu zwyciezcy!
2020-01-24 00:10:33.576 [JavaFX Application Thread] INFO  lab.engine.Kontroler.lambda$initialize$5(172) - Ruch wykonany!
2020-01-24 00:10:33.865 [JavaFX Application Thread] INFO  lab.engine.OXGameImpl.getWinner(25) - Sprawdzam plansze w poszukiwaniu zwyciezcy!
2020-01-24 00:10:33.865 [JavaFX Application Thread] INFO  lab.engine.Kontroler.lambda$initialize$5(172) - Ruch wykonany!
2020-01-24 00:10:34.094 [JavaFX Application Thread] INFO  lab.engine.OXGameImpl.getWinner(25) - Sprawdzam plansze w poszukiwaniu zwyciezcy!
2020-01-24 00:10:34.094 [JavaFX Application Thread] INFO  lab.engine.Kontroler.lambda$initialize$5(172) - Ruch wykonany!
2020-01-24 00:10:34.744 [JavaFX Application Thread] INFO  lab.engine.OXGameImpl.getWinner(25) - Sprawdzam plansze w poszukiwaniu zwyciezcy!
2020-01-24 00:10:34.744 [JavaFX Application Thread] INFO  lab.engine.Kontroler.lambda$initialize$5(172) - Ruch wykonany!
2020-01-24 00:10:35.300 [JavaFX Application Thread] INFO  lab.engine.OXGameImpl.getWinner(25) - Sprawdzam plansze w poszukiwaniu zwyciezcy!
2020-01-24 00:10:35.300 [JavaFX Application Thread] INFO  lab.engine.Kontroler.finishGame(133) - Gra zakonczona!
2020-01-24 00:10:35.300 [JavaFX Application Thread] INFO  lab.engine.Kontroler.checkIfGameIsFinished(106) - Gra rozegrana. Zwycięzca: Gracz O
2020-01-24 00:10:35.301 [pool-2-thread-1] INFO  lab.engine.Kontroler.lambda$checkIfGameIsFinished$0(108) - Zapisywanie danych...
2020-01-24 00:10:35.301 [JavaFX Application Thread] INFO  lab.engine.Kontroler.lambda$initialize$5(172) - Ruch wykonany!
2020-01-24 00:10:35.319 [pool-2-thread-1] INFO  lab.engine.Kontroler.lambda$checkIfGameIsFinished$2(112) - Pobieranie danych...
2020-01-24 00:10:36.687 [JavaFX Application Thread] INFO  lab.engine.Kontroler.lambda$initialize$7(191) - Gra rozpoczeta!
2020-01-24 00:10:37.164 [JavaFX Application Thread] INFO  lab.engine.OXGameImpl.getWinner(25) - Sprawdzam plansze w poszukiwaniu zwyciezcy!
2020-01-24 00:10:37.164 [JavaFX Application Thread] INFO  lab.engine.Kontroler.lambda$initialize$5(172) - Ruch wykonany!
2020-01-24 00:10:37.470 [JavaFX Application Thread] INFO  lab.engine.OXGameImpl.getWinner(25) - Sprawdzam plansze w poszukiwaniu zwyciezcy!
2020-01-24 00:10:37.470 [JavaFX Application Thread] INFO  lab.engine.Kontroler.lambda$initialize$5(172) - Ruch wykonany!
2020-01-24 00:10:37.689 [JavaFX Application Thread] INFO  lab.engine.OXGameImpl.getWinner(25) - Sprawdzam plansze w poszukiwaniu zwyciezcy!
2020-01-24 00:10:37.689 [JavaFX Application Thread] INFO  lab.engine.Kontroler.lambda$initialize$5(172) - Ruch wykonany!
2020-01-24 00:10:38.003 [JavaFX Application Thread] INFO  lab.engine.OXGameImpl.getWinner(25) - Sprawdzam plansze w poszukiwaniu zwyciezcy!
2020-01-24 00:10:38.004 [JavaFX Application Thread] INFO  lab.engine.Kontroler.lambda$initialize$5(172) - Ruch wykonany!
2020-01-24 00:10:38.230 [JavaFX Application Thread] INFO  lab.engine.OXGameImpl.getWinner(25) - Sprawdzam plansze w poszukiwaniu zwyciezcy!
2020-01-24 00:10:38.230 [JavaFX Application Thread] INFO  lab.engine.Kontroler.finishGame(133) - Gra zakonczona!
2020-01-24 00:10:38.230 [JavaFX Application Thread] INFO  lab.engine.Kontroler.checkIfGameIsFinished(106) - Gra rozegrana. Zwycięzca: Gracz X
2020-01-24 00:10:38.230 [JavaFX Application Thread] INFO  lab.engine.Kontroler.lambda$initialize$5(172) - Ruch wykonany!
2020-01-24 00:10:38.230 [pool-2-thread-1] INFO  lab.engine.Kontroler.lambda$checkIfGameIsFinished$0(108) - Zapisywanie danych...
2020-01-24 00:10:38.231 [pool-2-thread-1] INFO  lab.engine.Kontroler.lambda$checkIfGameIsFinished$2(112) - Pobieranie danych...
2020-01-24 00:10:44.027 [JavaFX Application Thread] INFO  lab.engine.Kontroler.lambda$initialize$7(191) - Gra rozpoczeta!
2020-01-24 00:10:44.677 [JavaFX Application Thread] INFO  lab.engine.OXGameImpl.getWinner(25) - Sprawdzam plansze w poszukiwaniu zwyciezcy!
2020-01-24 00:10:44.678 [JavaFX Application Thread] INFO  lab.engine.Kontroler.lambda$initialize$5(172) - Ruch wykonany!
2020-01-24 00:10:44.897 [JavaFX Application Thread] INFO  lab.engine.OXGameImpl.getWinner(25) - Sprawdzam plansze w poszukiwaniu zwyciezcy!
2020-01-24 00:10:44.897 [JavaFX Application Thread] INFO  lab.engine.Kontroler.lambda$initialize$5(172) - Ruch wykonany!
2020-01-24 00:10:45.069 [JavaFX Application Thread] INFO  lab.engine.OXGameImpl.getWinner(25) - Sprawdzam plansze w poszukiwaniu zwyciezcy!
2020-01-24 00:10:45.069 [JavaFX Application Thread] INFO  lab.engine.Kontroler.lambda$initialize$5(172) - Ruch wykonany!
2020-01-24 00:10:45.297 [JavaFX Application Thread] INFO  lab.engine.OXGameImpl.getWinner(25) - Sprawdzam plansze w poszukiwaniu zwyciezcy!
2020-01-24 00:10:45.298 [JavaFX Application Thread] INFO  lab.engine.Kontroler.lambda$initialize$5(172) - Ruch wykonany!
2020-01-24 00:10:45.469 [JavaFX Application Thread] INFO  lab.engine.OXGameImpl.getWinner(25) - Sprawdzam plansze w poszukiwaniu zwyciezcy!
2020-01-24 00:10:45.470 [JavaFX Application Thread] INFO  lab.engine.Kontroler.finishGame(133) - Gra zakonczona!
2020-01-24 00:10:45.470 [JavaFX Application Thread] INFO  lab.engine.Kontroler.checkIfGameIsFinished(106) - Gra rozegrana. Zwycięzca: Gracz O
2020-01-24 00:10:45.470 [JavaFX Application Thread] INFO  lab.engine.Kontroler.lambda$initialize$5(172) - Ruch wykonany!
2020-01-24 00:10:45.470 [pool-2-thread-1] INFO  lab.engine.Kontroler.lambda$checkIfGameIsFinished$0(108) - Zapisywanie danych...
2020-01-24 00:10:45.471 [pool-2-thread-1] INFO  lab.engine.Kontroler.lambda$checkIfGameIsFinished$2(112) - Pobieranie danych...
2020-01-24 00:10:47.546 [JavaFX Application Thread] INFO  lab.engine.Kontroler.lambda$initialize$7(191) - Gra rozpoczeta!
2020-01-24 00:10:47.866 [JavaFX Application Thread] INFO  lab.engine.OXGameImpl.getWinner(25) - Sprawdzam plansze w poszukiwaniu zwyciezcy!
2020-01-24 00:10:47.866 [JavaFX Application Thread] INFO  lab.engine.Kontroler.lambda$initialize$5(172) - Ruch wykonany!
2020-01-24 00:10:48.126 [JavaFX Application Thread] INFO  lab.engine.OXGameImpl.getWinner(25) - Sprawdzam plansze w poszukiwaniu zwyciezcy!
2020-01-24 00:10:48.126 [JavaFX Application Thread] INFO  lab.engine.Kontroler.lambda$initialize$5(172) - Ruch wykonany!
2020-01-24 00:10:48.305 [JavaFX Application Thread] INFO  lab.engine.OXGameImpl.getWinner(25) - Sprawdzam plansze w poszukiwaniu zwyciezcy!
2020-01-24 00:10:48.306 [JavaFX Application Thread] INFO  lab.engine.Kontroler.lambda$initialize$5(172) - Ruch wykonany!
2020-01-24 00:10:48.706 [JavaFX Application Thread] INFO  lab.engine.OXGameImpl.getWinner(25) - Sprawdzam plansze w poszukiwaniu zwyciezcy!
2020-01-24 00:10:48.706 [JavaFX Application Thread] INFO  lab.engine.Kontroler.lambda$initialize$5(172) - Ruch wykonany!
2020-01-24 00:10:49.504 [JavaFX Application Thread] INFO  lab.engine.OXGameImpl.getWinner(25) - Sprawdzam plansze w poszukiwaniu zwyciezcy!
2020-01-24 00:10:49.504 [JavaFX Application Thread] INFO  lab.engine.Kontroler.lambda$initialize$5(172) - Ruch wykonany!
2020-01-24 00:10:51.110 [JavaFX Application Thread] INFO  lab.engine.OXGameImpl.getWinner(25) - Sprawdzam plansze w poszukiwaniu zwyciezcy!
2020-01-24 00:10:51.110 [JavaFX Application Thread] INFO  lab.engine.Kontroler.lambda$initialize$5(172) - Ruch wykonany!
2020-01-24 00:10:51.628 [JavaFX Application Thread] INFO  lab.engine.OXGameImpl.getWinner(25) - Sprawdzam plansze w poszukiwaniu zwyciezcy!
2020-01-24 00:10:51.628 [JavaFX Application Thread] INFO  lab.engine.Kontroler.lambda$initialize$5(172) - Ruch wykonany!
2020-01-24 00:10:53.961 [JavaFX Application Thread] INFO  lab.engine.OXGameImpl.getWinner(25) - Sprawdzam plansze w poszukiwaniu zwyciezcy!
2020-01-24 00:10:53.961 [JavaFX Application Thread] INFO  lab.engine.Kontroler.lambda$initialize$5(172) - Ruch wykonany!
2020-01-24 00:10:54.362 [JavaFX Application Thread] INFO  lab.engine.OXGameImpl.getWinner(25) - Sprawdzam plansze w poszukiwaniu zwyciezcy!
2020-01-24 00:10:54.362 [JavaFX Application Thread] INFO  lab.engine.Kontroler.finishGame(133) - Gra zakonczona!
2020-01-24 00:10:54.363 [JavaFX Application Thread] INFO  lab.engine.Kontroler.checkIfGameIsFinished(106) - Gra rozegrana. Zwycięzca: Gracz X
2020-01-24 00:10:54.363 [JavaFX Application Thread] INFO  lab.engine.Kontroler.lambda$initialize$5(172) - Ruch wykonany!
2020-01-24 00:10:54.363 [pool-2-thread-1] INFO  lab.engine.Kontroler.lambda$checkIfGameIsFinished$0(108) - Zapisywanie danych...
2020-01-24 00:10:54.363 [pool-2-thread-1] INFO  lab.engine.Kontroler.lambda$checkIfGameIsFinished$2(112) - Pobieranie danych...
2020-01-24 00:11:03.990 [JavaFX Application Thread] INFO  lab.engine.Kontroler.lambda$initialize$7(191) - Gra rozpoczeta!
2020-01-24 00:11:04.749 [JavaFX Application Thread] INFO  lab.engine.OXGameImpl.getWinner(25) - Sprawdzam plansze w poszukiwaniu zwyciezcy!
2020-01-24 00:11:04.749 [JavaFX Application Thread] INFO  lab.engine.Kontroler.lambda$initialize$5(172) - Ruch wykonany!
2020-01-24 00:11:05.510 [JavaFX Application Thread] INFO  lab.engine.OXGameImpl.getWinner(25) - Sprawdzam plansze w poszukiwaniu zwyciezcy!
2020-01-24 00:11:05.510 [JavaFX Application Thread] INFO  lab.engine.Kontroler.lambda$initialize$5(172) - Ruch wykonany!
2020-01-24 00:11:06.232 [JavaFX Application Thread] INFO  lab.engine.OXGameImpl.getWinner(25) - Sprawdzam plansze w poszukiwaniu zwyciezcy!
2020-01-24 00:11:06.232 [JavaFX Application Thread] INFO  lab.engine.Kontroler.lambda$initialize$5(172) - Ruch wykonany!
2020-01-24 00:11:06.678 [JavaFX Application Thread] INFO  lab.engine.OXGameImpl.getWinner(25) - Sprawdzam plansze w poszukiwaniu zwyciezcy!
2020-01-24 00:11:06.678 [JavaFX Application Thread] INFO  lab.engine.Kontroler.lambda$initialize$5(172) - Ruch wykonany!
2020-01-24 00:11:06.905 [JavaFX Application Thread] INFO  lab.engine.OXGameImpl.getWinner(25) - Sprawdzam plansze w poszukiwaniu zwyciezcy!
2020-01-24 00:11:06.905 [JavaFX Application Thread] INFO  lab.engine.Kontroler.lambda$initialize$5(172) - Ruch wykonany!
2020-01-24 00:11:08.018 [JavaFX Application Thread] INFO  lab.engine.OXGameImpl.getWinner(25) - Sprawdzam plansze w poszukiwaniu zwyciezcy!
2020-01-24 00:11:08.018 [JavaFX Application Thread] INFO  lab.engine.Kontroler.lambda$initialize$5(172) - Ruch wykonany!
2020-01-24 00:11:08.245 [JavaFX Application Thread] INFO  lab.engine.OXGameImpl.getWinner(25) - Sprawdzam plansze w poszukiwaniu zwyciezcy!
2020-01-24 00:11:08.245 [JavaFX Application Thread] INFO  lab.engine.Kontroler.finishGame(133) - Gra zakonczona!
2020-01-24 00:11:08.246 [JavaFX Application Thread] INFO  lab.engine.Kontroler.checkIfGameIsFinished(106) - Gra rozegrana. Zwycięzca: Gracz O
2020-01-24 00:11:08.246 [pool-2-thread-1] INFO  lab.engine.Kontroler.lambda$checkIfGameIsFinished$0(108) - Zapisywanie danych...
2020-01-24 00:11:08.246 [JavaFX Application Thread] INFO  lab.engine.Kontroler.lambda$initialize$5(172) - Ruch wykonany!
2020-01-24 00:11:08.246 [pool-2-thread-1] INFO  lab.engine.Kontroler.lambda$checkIfGameIsFinished$2(112) - Pobieranie danych...
2020-01-24 00:11:16.949 [JavaFX Application Thread] INFO  lab.engine.Kontroler.lambda$initialize$7(191) - Gra rozpoczeta!
2020-01-24 00:11:17.466 [JavaFX Application Thread] INFO  lab.engine.OXGameImpl.getWinner(25) - Sprawdzam plansze w poszukiwaniu zwyciezcy!
2020-01-24 00:11:17.466 [JavaFX Application Thread] INFO  lab.engine.Kontroler.lambda$initialize$5(172) - Ruch wykonany!
2020-01-24 00:11:17.684 [JavaFX Application Thread] INFO  lab.engine.OXGameImpl.getWinner(25) - Sprawdzam plansze w poszukiwaniu zwyciezcy!
2020-01-24 00:11:17.684 [JavaFX Application Thread] INFO  lab.engine.Kontroler.lambda$initialize$5(172) - Ruch wykonany!
2020-01-24 00:11:17.887 [JavaFX Application Thread] INFO  lab.engine.OXGameImpl.getWinner(25) - Sprawdzam plansze w poszukiwaniu zwyciezcy!
2020-01-24 00:11:17.887 [JavaFX Application Thread] INFO  lab.engine.Kontroler.lambda$initialize$5(172) - Ruch wykonany!
2020-01-24 00:11:18.148 [JavaFX Application Thread] INFO  lab.engine.OXGameImpl.getWinner(25) - Sprawdzam plansze w poszukiwaniu zwyciezcy!
2020-01-24 00:11:18.148 [JavaFX Application Thread] INFO  lab.engine.Kontroler.lambda$initialize$5(172) - Ruch wykonany!
2020-01-24 00:11:18.328 [JavaFX Application Thread] INFO  lab.engine.OXGameImpl.getWinner(25) - Sprawdzam plansze w poszukiwaniu zwyciezcy!
2020-01-24 00:11:18.328 [JavaFX Application Thread] INFO  lab.engine.Kontroler.finishGame(133) - Gra zakonczona!
2020-01-24 00:11:18.328 [JavaFX Application Thread] INFO  lab.engine.Kontroler.checkIfGameIsFinished(106) - Gra rozegrana. Zwycięzca: Gracz X
2020-01-24 00:11:18.328 [JavaFX Application Thread] INFO  lab.engine.Kontroler.lambda$initialize$5(172) - Ruch wykonany!
2020-01-24 00:11:18.328 [pool-2-thread-1] INFO  lab.engine.Kontroler.lambda$checkIfGameIsFinished$0(108) - Zapisywanie danych...
2020-01-24 00:11:18.329 [pool-2-thread-1] INFO  lab.engine.Kontroler.lambda$checkIfGameIsFinished$2(112) - Pobieranie danych...
2020-01-24 00:11:24.728 [JavaFX Application Thread] INFO  lab.engine.Kontroler.lambda$initialize$7(191) - Gra rozpoczeta!
2020-01-24 00:11:25.275 [JavaFX Application Thread] INFO  lab.engine.OXGameImpl.getWinner(25) - Sprawdzam plansze w poszukiwaniu zwyciezcy!
2020-01-24 00:11:25.276 [JavaFX Application Thread] INFO  lab.engine.Kontroler.lambda$initialize$5(172) - Ruch wykonany!
2020-01-24 00:11:25.589 [JavaFX Application Thread] INFO  lab.engine.OXGameImpl.getWinner(25) - Sprawdzam plansze w poszukiwaniu zwyciezcy!
2020-01-24 00:11:25.589 [JavaFX Application Thread] INFO  lab.engine.Kontroler.lambda$initialize$5(172) - Ruch wykonany!
2020-01-24 00:11:25.808 [JavaFX Application Thread] INFO  lab.engine.OXGameImpl.getWinner(25) - Sprawdzam plansze w poszukiwaniu zwyciezcy!
2020-01-24 00:11:25.808 [JavaFX Application Thread] INFO  lab.engine.Kontroler.lambda$initialize$5(172) - Ruch wykonany!
2020-01-24 00:11:26.113 [JavaFX Application Thread] INFO  lab.engine.OXGameImpl.getWinner(25) - Sprawdzam plansze w poszukiwaniu zwyciezcy!
2020-01-24 00:11:26.114 [JavaFX Application Thread] INFO  lab.engine.Kontroler.lambda$initialize$5(172) - Ruch wykonany!
2020-01-24 00:11:26.318 [JavaFX Application Thread] INFO  lab.engine.OXGameImpl.getWinner(25) - Sprawdzam plansze w poszukiwaniu zwyciezcy!
2020-01-24 00:11:26.319 [JavaFX Application Thread] INFO  lab.engine.Kontroler.finishGame(133) - Gra zakonczona!
2020-01-24 00:11:26.319 [JavaFX Application Thread] INFO  lab.engine.Kontroler.checkIfGameIsFinished(106) - Gra rozegrana. Zwycięzca: Gracz O
2020-01-24 00:11:26.319 [JavaFX Application Thread] INFO  lab.engine.Kontroler.lambda$initialize$5(172) - Ruch wykonany!
2020-01-24 00:11:26.319 [pool-2-thread-1] INFO  lab.engine.Kontroler.lambda$checkIfGameIsFinished$0(108) - Zapisywanie danych...
2020-01-24 00:11:26.320 [pool-2-thread-1] INFO  lab.engine.Kontroler.lambda$checkIfGameIsFinished$2(112) - Pobieranie danych...
2020-01-24 00:11:31.381 [JavaFX Application Thread] INFO  lab.app.Main.start(17) - Uruchamianie programu ...
2020-01-24 00:11:31.383 [JavaFX Application Thread] INFO  lab.app.Main.start(18) - Wersja aplikacji 1.0
2020-01-24 00:11:31.384 [JavaFX Application Thread] WARN  lab.app.Main.start(19) - Uaktualnij aplikację. Najnowsza dostępna wersja: 2.0
2020-01-24 00:11:31.603 [pool-2-thread-1] INFO  lab.engine.Kontroler.lambda$initialize$4(147) - Pobieranie historii rozgrywek z bazy danych ...
2020-01-24 00:13:39.045 [JavaFX Application Thread] INFO  lab.engine.Kontroler.lambda$initialize$7(191) - Gra rozpoczeta!
2020-01-24 00:13:39.600 [JavaFX Application Thread] INFO  lab.engine.OXGameImpl.getWinner(25) - Sprawdzam plansze w poszukiwaniu zwyciezcy!
2020-01-24 00:13:39.600 [JavaFX Application Thread] INFO  lab.engine.Kontroler.lambda$initialize$5(172) - Ruch wykonany!
2020-01-24 00:13:42.003 [JavaFX Application Thread] INFO  lab.engine.OXGameImpl.getWinner(25) - Sprawdzam plansze w poszukiwaniu zwyciezcy!
2020-01-24 00:13:42.003 [JavaFX Application Thread] INFO  lab.engine.Kontroler.lambda$initialize$5(172) - Ruch wykonany!
2020-01-24 00:13:42.685 [JavaFX Application Thread] INFO  lab.engine.OXGameImpl.getWinner(25) - Sprawdzam plansze w poszukiwaniu zwyciezcy!
2020-01-24 00:13:42.685 [JavaFX Application Thread] INFO  lab.engine.Kontroler.lambda$initialize$5(172) - Ruch wykonany!
2020-01-24 00:13:44.173 [JavaFX Application Thread] INFO  lab.engine.OXGameImpl.getWinner(25) - Sprawdzam plansze w poszukiwaniu zwyciezcy!
2020-01-24 00:13:44.174 [JavaFX Application Thread] INFO  lab.engine.Kontroler.lambda$initialize$5(172) - Ruch wykonany!
2020-01-24 00:13:45.718 [JavaFX Application Thread] INFO  lab.engine.OXGameImpl.getWinner(25) - Sprawdzam plansze w poszukiwaniu zwyciezcy!
2020-01-24 00:13:45.718 [JavaFX Application Thread] INFO  lab.engine.Kontroler.finishGame(133) - Gra zakonczona!
2020-01-24 00:13:45.719 [JavaFX Application Thread] INFO  lab.engine.Kontroler.checkIfGameIsFinished(106) - Gra rozegrana. Zwycięzca: Gracz O
2020-01-24 00:13:45.719 [pool-2-thread-1] INFO  lab.engine.Kontroler.lambda$checkIfGameIsFinished$0(108) - Zapisywanie danych...
2020-01-24 00:13:45.719 [JavaFX Application Thread] INFO  lab.engine.Kontroler.lambda$initialize$5(172) - Ruch wykonany!
2020-01-24 00:13:45.740 [pool-2-thread-1] INFO  lab.engine.Kontroler.lambda$checkIfGameIsFinished$2(112) - Pobieranie danych...
2020-01-24 00:14:48.875 [JavaFX Application Thread] INFO  lab.app.Main.start(17) - Uruchamianie programu ...
2020-01-24 00:14:48.878 [JavaFX Application Thread] INFO  lab.app.Main.start(18) - Wersja aplikacji 1.0
2020-01-24 00:14:48.880 [JavaFX Application Thread] WARN  lab.app.Main.start(19) - Uaktualnij aplikację. Najnowsza dostępna wersja: 2.0
2020-01-24 00:14:49.094 [pool-2-thread-1] INFO  lab.engine.Kontroler.lambda$initialize$4(147) - Pobieranie historii rozgrywek z bazy danych ...
2020-01-24 00:14:58.029 [JavaFX Application Thread] INFO  lab.app.Main.start(17) - Uruchamianie programu ...
2020-01-24 00:14:58.032 [JavaFX Application Thread] INFO  lab.app.Main.start(18) - Wersja aplikacji 1.0
2020-01-24 00:14:58.033 [JavaFX Application Thread] WARN  lab.app.Main.start(19) - Uaktualnij aplikację. Najnowsza dostępna wersja: 2.0
2020-01-24 00:14:58.232 [pool-2-thread-1] INFO  lab.engine.Kontroler.lambda$initialize$4(147) - Pobieranie historii rozgrywek z bazy danych ...
2020-01-24 00:19:12.896 [JavaFX Application Thread] INFO  lab.app.Main.start(17) - Uruchamianie programu ...
2020-01-24 00:19:12.899 [JavaFX Application Thread] INFO  lab.app.Main.start(18) - Wersja aplikacji 1.0
2020-01-24 00:19:12.900 [JavaFX Application Thread] WARN  lab.app.Main.start(19) - Uaktualnij aplikację. Najnowsza dostępna wersja: 2.0
2020-01-24 00:19:13.125 [pool-2-thread-1] INFO  lab.engine.Kontroler.lambda$initialize$4(147) - Pobieranie historii rozgrywek z bazy danych ...
2020-01-24 00:19:25.327 [JavaFX Application Thread] INFO  lab.app.Main.start(17) - Uruchamianie programu ...
2020-01-24 00:19:25.329 [JavaFX Application Thread] INFO  lab.app.Main.start(18) - Wersja aplikacji 1.0
2020-01-24 00:19:25.330 [JavaFX Application Thread] WARN  lab.app.Main.start(19) - Uaktualnij aplikację. Najnowsza dostępna wersja: 2.0
2020-01-24 00:19:25.554 [pool-2-thread-1] INFO  lab.engine.Kontroler.lambda$initialize$4(147) - Pobieranie historii rozgrywek z bazy danych ...
2020-01-24 01:02:38.388 [JavaFX Application Thread] INFO  lab.app.Main.start(17) - Uruchamianie programu ...
2020-01-24 01:02:38.391 [JavaFX Application Thread] INFO  lab.app.Main.start(18) - Wersja aplikacji 1.0
2020-01-24 01:02:38.392 [JavaFX Application Thread] WARN  lab.app.Main.start(19) - Uaktualnij aplikację. Najnowsza dostępna wersja: 2.0
2020-01-24 01:02:38.680 [pool-2-thread-1] INFO  lab.engine.Kontroler.lambda$initialize$4(147) - Pobieranie historii rozgrywek z bazy danych ...
2020-01-24 01:02:44.547 [JavaFX Application Thread] INFO  lab.app.Main.start(17) - Uruchamianie programu ...
2020-01-24 01:02:44.550 [JavaFX Application Thread] INFO  lab.app.Main.start(18) - Wersja aplikacji 1.0
2020-01-24 01:02:44.551 [JavaFX Application Thread] WARN  lab.app.Main.start(19) - Uaktualnij aplikację. Najnowsza dostępna wersja: 2.0
2020-01-24 01:02:44.771 [pool-2-thread-1] INFO  lab.engine.Kontroler.lambda$initialize$4(147) - Pobieranie historii rozgrywek z bazy danych ...
2020-01-24 01:22:44.344 [JavaFX Application Thread] INFO  lab.app.Main.start(17) - Uruchamianie programu ...
2020-01-24 01:22:44.347 [JavaFX Application Thread] INFO  lab.app.Main.start(18) - Wersja aplikacji 1.0
2020-01-24 01:22:44.349 [JavaFX Application Thread] WARN  lab.app.Main.start(19) - Uaktualnij aplikację. Najnowsza dostępna wersja: 2.0
2020-01-24 01:22:44.587 [pool-2-thread-1] INFO  lab.engine.Kontroler.lambda$initialize$4(147) - Pobieranie historii rozgrywek z bazy danych ...
2020-01-24 01:23:49.913 [JavaFX Application Thread] INFO  lab.app.Main.start(17) - Uruchamianie programu ...
2020-01-24 01:23:49.915 [JavaFX Application Thread] INFO  lab.app.Main.start(18) - Wersja aplikacji 1.0
2020-01-24 01:23:49.916 [JavaFX Application Thread] WARN  lab.app.Main.start(19) - Uaktualnij aplikację. Najnowsza dostępna wersja: 2.0
2020-01-24 01:23:50.149 [pool-2-thread-1] INFO  lab.engine.Kontroler.lambda$initialize$4(147) - Pobieranie historii rozgrywek z bazy danych ...
2020-01-24 01:23:54.196 [JavaFX Application Thread] INFO  lab.engine.Kontroler.lambda$initialize$7(191) - Gra rozpoczeta!
2020-01-24 01:23:54.744 [JavaFX Application Thread] INFO  lab.engine.OXGameImpl.getWinner(25) - Sprawdzam plansze w poszukiwaniu zwyciezcy!
2020-01-24 01:23:54.745 [JavaFX Application Thread] INFO  lab.engine.Kontroler.lambda$initialize$5(172) - Ruch wykonany!
2020-01-24 01:23:54.985 [JavaFX Application Thread] INFO  lab.engine.OXGameImpl.getWinner(25) - Sprawdzam plansze w poszukiwaniu zwyciezcy!
2020-01-24 01:23:54.985 [JavaFX Application Thread] INFO  lab.engine.Kontroler.lambda$initialize$5(172) - Ruch wykonany!
2020-01-24 01:23:55.246 [JavaFX Application Thread] INFO  lab.engine.OXGameImpl.getWinner(25) - Sprawdzam plansze w poszukiwaniu zwyciezcy!
2020-01-24 01:23:55.246 [JavaFX Application Thread] INFO  lab.engine.Kontroler.lambda$initialize$5(172) - Ruch wykonany!
2020-01-24 01:23:55.478 [JavaFX Application Thread] INFO  lab.engine.OXGameImpl.getWinner(25) - Sprawdzam plansze w poszukiwaniu zwyciezcy!
2020-01-24 01:23:55.479 [JavaFX Application Thread] INFO  lab.engine.Kontroler.lambda$initialize$5(172) - Ruch wykonany!
2020-01-24 01:23:56.742 [JavaFX Application Thread] INFO  lab.engine.OXGameImpl.getWinner(25) - Sprawdzam plansze w poszukiwaniu zwyciezcy!
2020-01-24 01:23:56.742 [JavaFX Application Thread] INFO  lab.engine.Kontroler.lambda$initialize$5(172) - Ruch wykonany!
2020-01-24 01:23:59.703 [JavaFX Application Thread] INFO  lab.engine.OXGameImpl.getWinner(25) - Sprawdzam plansze w poszukiwaniu zwyciezcy!
2020-01-24 01:23:59.703 [JavaFX Application Thread] INFO  lab.engine.Kontroler.lambda$initialize$5(172) - Ruch wykonany!
2020-01-24 01:24:00.188 [JavaFX Application Thread] INFO  lab.engine.OXGameImpl.getWinner(25) - Sprawdzam plansze w poszukiwaniu zwyciezcy!
2020-01-24 01:24:00.188 [JavaFX Application Thread] INFO  lab.engine.Kontroler.finishGame(133) - Gra zakonczona!
2020-01-24 01:24:00.188 [JavaFX Application Thread] INFO  lab.engine.Kontroler.checkIfGameIsFinished(106) - Gra rozegrana. Zwycięzca: Gracz O
2020-01-24 01:24:00.189 [pool-2-thread-1] INFO  lab.engine.Kontroler.lambda$checkIfGameIsFinished$0(108) - Zapisywanie danych...
2020-01-24 01:24:00.189 [JavaFX Application Thread] INFO  lab.engine.Kontroler.lambda$initialize$5(172) - Ruch wykonany!
2020-01-24 01:24:00.214 [pool-2-thread-1] INFO  lab.engine.Kontroler.lambda$checkIfGameIsFinished$2(112) - Pobieranie danych...
2020-01-24 01:24:04.457 [JavaFX Application Thread] INFO  lab.engine.Kontroler.lambda$initialize$7(191) - Gra rozpoczeta!
2020-01-24 01:24:05.053 [JavaFX Application Thread] INFO  lab.engine.OXGameImpl.getWinner(25) - Sprawdzam plansze w poszukiwaniu zwyciezcy!
2020-01-24 01:24:05.054 [JavaFX Application Thread] INFO  lab.engine.Kontroler.lambda$initialize$5(172) - Ruch wykonany!
2020-01-24 01:24:05.554 [JavaFX Application Thread] INFO  lab.engine.OXGameImpl.getWinner(25) - Sprawdzam plansze w poszukiwaniu zwyciezcy!
2020-01-24 01:24:05.554 [JavaFX Application Thread] INFO  lab.engine.Kontroler.lambda$initialize$5(172) - Ruch wykonany!
2020-01-24 01:24:05.907 [JavaFX Application Thread] INFO  lab.engine.OXGameImpl.getWinner(25) - Sprawdzam plansze w poszukiwaniu zwyciezcy!
2020-01-24 01:24:05.908 [JavaFX Application Thread] INFO  lab.engine.Kontroler.lambda$initialize$5(172) - Ruch wykonany!
2020-01-24 01:24:06.337 [JavaFX Application Thread] INFO  lab.engine.OXGameImpl.getWinner(25) - Sprawdzam plansze w poszukiwaniu zwyciezcy!
2020-01-24 01:24:06.337 [JavaFX Application Thread] INFO  lab.engine.Kontroler.lambda$initialize$5(172) - Ruch wykonany!
2020-01-24 01:24:06.557 [JavaFX Application Thread] INFO  lab.engine.OXGameImpl.getWinner(25) - Sprawdzam plansze w poszukiwaniu zwyciezcy!
2020-01-24 01:24:06.557 [JavaFX Application Thread] INFO  lab.engine.Kontroler.finishGame(133) - Gra zakonczona!
2020-01-24 01:24:06.558 [JavaFX Application Thread] INFO  lab.engine.Kontroler.checkIfGameIsFinished(106) - Gra rozegrana. Zwycięzca: Gracz X
2020-01-24 01:24:06.558 [pool-2-thread-1] INFO  lab.engine.Kontroler.lambda$checkIfGameIsFinished$0(108) - Zapisywanie danych...
2020-01-24 01:24:06.558 [JavaFX Application Thread] INFO  lab.engine.Kontroler.lambda$initialize$5(172) - Ruch wykonany!
2020-01-24 01:24:06.559 [pool-2-thread-1] INFO  lab.engine.Kontroler.lambda$checkIfGameIsFinished$2(112) - Pobieranie danych...
2020-01-24 01:24:15.997 [JavaFX Application Thread] INFO  lab.app.Main.start(17) - Uruchamianie programu ...
2020-01-24 01:24:16.000 [JavaFX Application Thread] INFO  lab.app.Main.start(18) - Wersja aplikacji 1.0
2020-01-24 01:24:16.001 [JavaFX Application Thread] WARN  lab.app.Main.start(19) - Uaktualnij aplikację. Najnowsza dostępna wersja: 2.0
2020-01-24 01:24:16.211 [pool-2-thread-1] INFO  lab.engine.Kontroler.lambda$initialize$4(147) - Pobieranie historii rozgrywek z bazy danych ...
